<?xml version="1.0" encoding="UTF-8"?>
<!-- Generated by org.testng.reporters.JUnitReportReporter -->
<testsuite hostname="Mypc" name="grid.GridEg" tests="2" failures="0" timestamp="31 Aug 2018 02:35:58 GMT" time="105.289" errors="0">
  <testcase name="tt" time="50.775" classname="grid.GridEg"/>
  <testcase name="tt" time="54.514" classname="grid.GridEg"/>
</testsuite> <!-- grid.GridEg -->
