<?xml version="1.0" encoding="UTF-8"?>
<!-- Generated by org.testng.reporters.JUnitReportReporter -->
<testsuite hostname="Mypc" name="pom.Login_POM" tests="1" failures="0" timestamp="31 Aug 2018 01:43:17 GMT" time="15.651" errors="0">
  <testcase name="login" time="15.651" classname="pom.Login_POM"/>
</testsuite> <!-- pom.Login_POM -->
