<?xml version="1.0" encoding="UTF-8"?>
<!-- Generated by org.testng.reporters.JUnitReportReporter -->
<testsuite hostname="Mypc" name="testNG.BasicAnnotationsEg" tests="3" failures="0" timestamp="23 Aug 2018 02:10:27 GMT" time="0.101" errors="0">
  <testcase name="Apple" time="0.033" classname="testNG.BasicAnnotationsEg"/>
  <testcase name="Function1" time="0.050" classname="testNG.BasicAnnotationsEg"/>
  <testcase name="Function2" time="0.018" classname="testNG.BasicAnnotationsEg"/>
</testsuite> <!-- testNG.BasicAnnotationsEg -->
