<?xml version="1.0" encoding="UTF-8"?>
<!-- Generated by org.testng.reporters.JUnitReportReporter -->
<testsuite hostname="Mypc" name="testNG.TestNG_UserRegTC" tests="1" failures="0" timestamp="24 Aug 2018 01:56:02 GMT" time="12.399" errors="0">
  <testcase name="Org_Userreg" time="12.399" classname="testNG.TestNG_UserRegTC"/>
</testsuite> <!-- testNG.TestNG_UserRegTC -->
