<?xml version="1.0" encoding="UTF-8"?>
<!-- Generated by org.testng.reporters.JUnitReportReporter -->
<testsuite hostname="Mypc" name="testNG.PrimusbankLoginEg" tests="1" failures="0" timestamp="23 Aug 2018 02:25:01 GMT" time="7.883" errors="0">
  <testcase name="Login" time="7.883" classname="testNG.PrimusbankLoginEg"/>
</testsuite> <!-- testNG.PrimusbankLoginEg -->
