<?xml version="1.0" encoding="UTF-8"?>
<!-- Generated by org.testng.reporters.JUnitReportReporter -->
<testsuite hostname="Mypc" name="testNG.TestNG_EmpregTC" tests="3" failures="0" timestamp="24 Aug 2018 02:05:30 GMT" time="28.146" errors="0">
  <testcase name="Org_EMpeg" time="9.120" classname="testNG.TestNG_EmpregTC"/>
  <testcase name="Org_EMpeg" time="9.732" classname="testNG.TestNG_EmpregTC"/>
  <testcase name="Org_EMpeg" time="9.294" classname="testNG.TestNG_EmpregTC"/>
</testsuite> <!-- testNG.TestNG_EmpregTC -->
